<?xml version="1.0" encoding="UTF-8"?>
<!-- Generated by org.testng.reporters.JUnitXMLReporter -->
<testsuite ignored="0" hostname="LAPTOP-NG6US5A1" failures="0" tests="3" name="Test" time="4.225" errors="0" timestamp="2021-12-05T19:17:18 IST">
  <testcase classname="com.testng.testngBasics" name="googleTitleTest" time="0.007"/>
  <testcase classname="com.testng.testngBasics" name="searchTest" time="0.002"/>
  <testcase classname="com.testng.GoogleTest" name="setUp" time="4.157"/>
</testsuite> <!-- Test -->
